[0325/214944:ERROR:gpu_info_collector_win.cc(103)] Can't retrieve a valid WinSAT assessment.
[0325/214944:ERROR:proxy_service_factory.cc(105)] Cannot use V8 Proxy resolver in single process mode.
[0325/214944:ERROR:command_buffer_proxy_impl.cc(156)] Failed to initialize command buffer service.
[0325/214944:ERROR:webgraphicscontext3d_command_buffer_impl.cc(394)] CommandBufferProxy::Initialize failed.
[0325/214944:ERROR:webgraphicscontext3d_command_buffer_impl.cc(413)] Failed to initialize command buffer.
[0325/214944:ERROR:command_buffer_proxy_impl.cc(156)] Failed to initialize command buffer service.
[0325/214944:ERROR:webgraphicscontext3d_command_buffer_impl.cc(394)] CommandBufferProxy::Initialize failed.
[0325/214944:ERROR:webgraphicscontext3d_command_buffer_impl.cc(413)] Failed to initialize command buffer.
[0325/214945:ERROR:command_buffer_proxy_impl.cc(156)] Failed to initialize command buffer service.
[0325/214945:ERROR:webgraphicscontext3d_command_buffer_impl.cc(394)] CommandBufferProxy::Initialize failed.
[0325/214945:ERROR:webgraphicscontext3d_command_buffer_impl.cc(413)] Failed to initialize command buffer.
[0325/214945:ERROR:command_buffer_proxy_impl.cc(156)] Failed to initialize command buffer service.
[0325/214945:ERROR:webgraphicscontext3d_command_buffer_impl.cc(394)] CommandBufferProxy::Initialize failed.
[0325/214945:ERROR:webgraphicscontext3d_command_buffer_impl.cc(413)] Failed to initialize command buffer.
[0325/214945:ERROR:command_buffer_proxy_impl.cc(156)] Failed to initialize command buffer service.
[0325/214945:ERROR:webgraphicscontext3d_command_buffer_impl.cc(394)] CommandBufferProxy::Initialize failed.
[0325/214945:ERROR:webgraphicscontext3d_command_buffer_impl.cc(413)] Failed to initialize command buffer.
[0325/214945:ERROR:command_buffer_proxy_impl.cc(156)] Failed to initialize command buffer service.
[0325/214945:ERROR:webgraphicscontext3d_command_buffer_impl.cc(394)] CommandBufferProxy::Initialize failed.
[0325/214945:ERROR:webgraphicscontext3d_command_buffer_impl.cc(413)] Failed to initialize command buffer.
[0325/214945:ERROR:command_buffer_proxy_impl.cc(156)] Failed to initialize command buffer service.
[0325/214945:ERROR:webgraphicscontext3d_command_buffer_impl.cc(394)] CommandBufferProxy::Initialize failed.
[0325/214945:ERROR:webgraphicscontext3d_command_buffer_impl.cc(413)] Failed to initialize command buffer.
[0325/214945:ERROR:command_buffer_proxy_impl.cc(156)] Failed to initialize command buffer service.
[0325/214945:ERROR:webgraphicscontext3d_command_buffer_impl.cc(394)] CommandBufferProxy::Initialize failed.
[0325/214945:ERROR:webgraphicscontext3d_command_buffer_impl.cc(413)] Failed to initialize command buffer.
