[ 2016-05-27T13:42:12+08:00 ] 127.0.0.1 /index.php?g=company&m=register&a=doregister
INFO: [ app_begin ] --START--
INFO: Run Behavior\ReadHtmlCacheBehavior [ RunTime:0.000000s ]
INFO: Run Behavior\CheckLangBehavior [ RunTime:0.001000s ]
INFO: [ app_begin ] --END-- [ RunTime:0.002000s ]

[ 2016-05-27T13:42:17+08:00 ] 127.0.0.1 /index.php?g=company&m=register&a=doregister
INFO: [ app_begin ] --START--
INFO: Run Behavior\ReadHtmlCacheBehavior [ RunTime:0.000000s ]
INFO: Run Behavior\CheckLangBehavior [ RunTime:0.001000s ]
INFO: [ app_begin ] --END-- [ RunTime:0.001000s ]

[ 2016-05-27T13:44:35+08:00 ] 127.0.0.1 /index.php?g=company&m=register&a=doregister
INFO: [ app_begin ] --START--
INFO: Run Behavior\ReadHtmlCacheBehavior [ RunTime:0.000000s ]
INFO: Run Behavior\CheckLangBehavior [ RunTime:0.001000s ]
INFO: [ app_begin ] --END-- [ RunTime:0.002000s ]

[ 2016-05-27T13:57:35+08:00 ] 127.0.0.1 /index.php?g=company&m=register&a=doregister
INFO: [ app_begin ] --START--
INFO: Run Behavior\ReadHtmlCacheBehavior [ RunTime:0.001000s ]
INFO: Run Behavior\CheckLangBehavior [ RunTime:0.001000s ]
INFO: [ app_begin ] --END-- [ RunTime:0.002000s ]
SQL: SHOW COLUMNS FROM `cmf_user_list` [ RunTime:0.0050s ]
SQL: SELECT COUNT(*) AS tp_count FROM `cmf_user_list` WHERE `User_id` = 'a369155609' LIMIT 1   [ RunTime:0.0010s ]
NOTIC: [8] Undefined variable: Company_name E:\WWW\20160525\application\Company\Controller\RegisterController.class.php 第 111 行.
SQL: INSERT INTO `cmf_user_list` (`User_id`,`Password`,`Teacher_name`,`Email`,`Content_way`) VALUES ('a369155609','t259735',NULL,'a834280418@126.com','2147483647') [ RunTime:0.0020s ]

[ 2016-05-27T16:41:56+08:00 ] 127.0.0.1 /index.php?g=company&m=register&a=doregister
INFO: [ app_begin ] --START--
INFO: Run Behavior\ReadHtmlCacheBehavior [ RunTime:0.000000s ]
INFO: Run Behavior\CheckLangBehavior [ RunTime:0.001000s ]
INFO: [ app_begin ] --END-- [ RunTime:0.002000s ]
SQL: SHOW COLUMNS FROM `cmf_user_list` [ RunTime:0.0030s ]
SQL: SELECT COUNT(*) AS tp_count FROM `cmf_user_list` WHERE `User_id` = 'a3691556098' LIMIT 1   [ RunTime:0.0000s ]
SQL: INSERT INTO `cmf_user_list` (`User_id`,`Password`,`Teacher_name`,`Email`,`Content_way`) VALUES ('a3691556098','t259735','lijunyu','a834280418@126.com','2147483647') [ RunTime:0.0000s ]

