[ 2016-05-12T14:36:17+08:00 ] 127.0.0.1 /index.php?g=Admin&m=public&a=dologin
INFO: [ app_begin ] --START--
INFO: Run Behavior\ReadHtmlCacheBehavior [ RunTime:0.001000s ]
INFO: Run Behavior\CheckLangBehavior [ RunTime:0.002000s ]
INFO: [ app_begin ] --END-- [ RunTime:0.003000s ]
SQL: SHOW COLUMNS FROM `cmf_users` [ RunTime:0.0050s ]
SQL: SELECT * FROM `cmf_users` WHERE `user_login` = 'admin' LIMIT 1   [ RunTime:0.0000s ]
SQL: SHOW COLUMNS FROM `cmf_role_user` [ RunTime:0.1120s ]
SQL: SELECT `role_id` FROM cmf_role_user a INNER JOIN cmf_role as b on a.role_id =b.id  WHERE `user_id` = '1' AND `status` = 1  [ RunTime:0.0160s ]
SQL: UPDATE `cmf_users` SET `user_login`='admin',`user_pass`='###aecaad5e548d7a40378084ad4189c182',`user_nicename`='admin',`user_email`='a834280418@126.com',`user_url`='',`avatar`=NULL,`sex`='0',`birthday`=NULL,`signature`=NULL,`last_login_ip`='127.0.0.1',`last_login_time`='2016-05-12 14:36:17',`create_time`='2016-03-24 09:46:08',`user_activation_key`='',`user_status`='1',`score`='0',`user_type`='1',`coin`='0',`mobile`='',`key_word1`='招聘',`key_word2`='php',`key_word3`='酒店' WHERE `id` = '1' [ RunTime:0.0010s ]

[ 2016-05-12T14:44:10+08:00 ] 127.0.0.1 /index.php?g=Admin&m=nav&a=edit_post
INFO: [ app_begin ] --START--
INFO: Run Behavior\ReadHtmlCacheBehavior [ RunTime:0.002001s ]
INFO: Run Behavior\CheckLangBehavior [ RunTime:0.004000s ]
INFO: [ app_begin ] --END-- [ RunTime:0.007001s ]
SQL: SHOW COLUMNS FROM `cmf_users` [ RunTime:0.0040s ]
SQL: SELECT * FROM `cmf_users` WHERE ( id=1 ) LIMIT 1   [ RunTime:0.0000s ]
SQL: SHOW COLUMNS FROM `cmf_nav` [ RunTime:0.0050s ]
SQL: SHOW COLUMNS FROM `cmf_nav_cat` [ RunTime:0.0040s ]
SQL: UPDATE `cmf_nav` SET `cid`='1',`parentid`='0',`label`='导师入口',`href`='http://',`target`='',`icon`='',`status`='1',`path`='0-4' WHERE `id` = 4 [ RunTime:0.0010s ]

[ 2016-05-12T14:44:28+08:00 ] 127.0.0.1 /index.php?g=Admin&m=nav&a=edit_post
INFO: [ app_begin ] --START--
INFO: Run Behavior\ReadHtmlCacheBehavior [ RunTime:0.001000s ]
INFO: Run Behavior\CheckLangBehavior [ RunTime:0.003000s ]
INFO: [ app_begin ] --END-- [ RunTime:0.005000s ]
SQL: SHOW COLUMNS FROM `cmf_users` [ RunTime:0.0050s ]
SQL: SELECT * FROM `cmf_users` WHERE ( id=1 ) LIMIT 1   [ RunTime:0.0000s ]
SQL: SHOW COLUMNS FROM `cmf_nav` [ RunTime:0.0040s ]
SQL: SHOW COLUMNS FROM `cmf_nav_cat` [ RunTime:0.0040s ]
SQL: SELECT * FROM `cmf_nav` WHERE ( id=4 ) LIMIT 1   [ RunTime:0.0000s ]
SQL: UPDATE `cmf_nav` SET `cid`='1',`parentid`='4',`label`='导师注册',`href`='http://127.0.0.1/index.php?g=company&m=Register&a=index',`target`='',`icon`='',`status`='1',`path`='0-4-5' WHERE `id` = 5 [ RunTime:0.0000s ]

[ 2016-05-12T14:44:54+08:00 ] 127.0.0.1 /index.php?g=Admin&m=nav&a=edit_post
INFO: [ app_begin ] --START--
INFO: Run Behavior\ReadHtmlCacheBehavior [ RunTime:0.001000s ]
INFO: Run Behavior\CheckLangBehavior [ RunTime:0.003001s ]
INFO: [ app_begin ] --END-- [ RunTime:0.005001s ]
SQL: SHOW COLUMNS FROM `cmf_users` [ RunTime:0.0040s ]
SQL: SELECT * FROM `cmf_users` WHERE ( id=1 ) LIMIT 1   [ RunTime:0.0010s ]
SQL: SHOW COLUMNS FROM `cmf_nav` [ RunTime:0.0040s ]
SQL: SHOW COLUMNS FROM `cmf_nav_cat` [ RunTime:0.0040s ]
SQL: SELECT * FROM `cmf_nav` WHERE ( id=4 ) LIMIT 1   [ RunTime:0.0000s ]
SQL: UPDATE `cmf_nav` SET `cid`='1',`parentid`='4',`label`='导师登陆',`href`='http://127.0.0.1/index.php?g=company&m=login&a=companyindex',`target`='',`icon`='',`status`='1',`path`='0-4-6' WHERE `id` = 6 [ RunTime:0.0000s ]

