[ 2016-06-02T16:22:03+08:00 ] 127.0.0.1 /index.php?g=Admin&m=public&a=dologin
INFO: [ app_begin ] --START--
INFO: Run Behavior\ReadHtmlCacheBehavior [ RunTime:0.001000s ]
INFO: Run Behavior\CheckLangBehavior [ RunTime:0.002000s ]
INFO: [ app_begin ] --END-- [ RunTime:0.004000s ]
SQL: SHOW COLUMNS FROM `cmf_users` [ RunTime:0.0070s ]
SQL: SELECT * FROM `cmf_users` WHERE `user_login` = 'admin' LIMIT 1   [ RunTime:0.0010s ]
SQL: SHOW COLUMNS FROM `cmf_role_user` [ RunTime:0.0500s ]
SQL: SELECT `role_id` FROM cmf_role_user a INNER JOIN cmf_role as b on a.role_id =b.id  WHERE `user_id` = '1' AND `status` = 1  [ RunTime:0.0470s ]
SQL: UPDATE `cmf_users` SET `user_login`='admin',`user_pass`='###aecaad5e548d7a40378084ad4189c182',`user_nicename`='admin',`user_email`='a834280418@126.com',`user_url`='',`avatar`=NULL,`sex`='0',`birthday`=NULL,`signature`=NULL,`last_login_ip`='127.0.0.1',`last_login_time`='2016-06-02 16:22:03',`create_time`='2016-03-24 09:46:08',`user_activation_key`='',`user_status`='1',`score`='0',`user_type`='1',`coin`='0',`mobile`='',`key_word1`=NULL,`key_word2`=NULL,`key_word3`=NULL WHERE `id` = '1' [ RunTime:0.0000s ]

[ 2016-06-02T17:49:06+08:00 ] 127.0.0.1 /index.php?g=Admin&m=public&a=dologin
INFO: [ app_begin ] --START--
INFO: Run Behavior\ReadHtmlCacheBehavior [ RunTime:0.001000s ]
INFO: Run Behavior\CheckLangBehavior [ RunTime:0.001000s ]
INFO: [ app_begin ] --END-- [ RunTime:0.003000s ]
SQL: SHOW COLUMNS FROM `cmf_users` [ RunTime:0.0080s ]
SQL: SELECT * FROM `cmf_users` WHERE `user_login` = 'admin' LIMIT 1   [ RunTime:0.0010s ]
SQL: SHOW COLUMNS FROM `cmf_role_user` [ RunTime:0.0070s ]
SQL: SELECT `role_id` FROM cmf_role_user a INNER JOIN cmf_role as b on a.role_id =b.id  WHERE `user_id` = '1' AND `status` = 1  [ RunTime:0.0010s ]
SQL: UPDATE `cmf_users` SET `user_login`='admin',`user_pass`='###aecaad5e548d7a40378084ad4189c182',`user_nicename`='admin',`user_email`='a834280418@126.com',`user_url`='',`avatar`=NULL,`sex`='0',`birthday`=NULL,`signature`=NULL,`last_login_ip`='127.0.0.1',`last_login_time`='2016-06-02 17:49:06',`create_time`='2016-03-24 09:46:08',`user_activation_key`='',`user_status`='1',`score`='0',`user_type`='1',`coin`='0',`mobile`='',`key_word1`=NULL,`key_word2`=NULL,`key_word3`=NULL WHERE `id` = '1' [ RunTime:0.0010s ]

[ 2016-06-02T18:56:36+08:00 ] 127.0.0.1 /index.php?g=Admin&m=public&a=dologin
INFO: [ app_begin ] --START--
INFO: Run Behavior\ReadHtmlCacheBehavior [ RunTime:0.002000s ]
INFO: Run Behavior\CheckLangBehavior [ RunTime:0.005000s ]
INFO: [ app_begin ] --END-- [ RunTime:0.008000s ]
SQL: SHOW COLUMNS FROM `cmf_users` [ RunTime:0.0080s ]
SQL: SELECT * FROM `cmf_users` WHERE `user_login` = 'admin' LIMIT 1   [ RunTime:0.0010s ]
SQL: SHOW COLUMNS FROM `cmf_role_user` [ RunTime:0.0080s ]
SQL: SELECT `role_id` FROM cmf_role_user a INNER JOIN cmf_role as b on a.role_id =b.id  WHERE `user_id` = '1' AND `status` = 1  [ RunTime:0.0020s ]
SQL: UPDATE `cmf_users` SET `user_login`='admin',`user_pass`='###aecaad5e548d7a40378084ad4189c182',`user_nicename`='admin',`user_email`='a834280418@126.com',`user_url`='',`avatar`=NULL,`sex`='0',`birthday`=NULL,`signature`=NULL,`last_login_ip`='127.0.0.1',`last_login_time`='2016-06-02 18:56:36',`create_time`='2016-03-24 09:46:08',`user_activation_key`='',`user_status`='1',`score`='0',`user_type`='1',`coin`='0',`mobile`='',`key_word1`=NULL,`key_word2`=NULL,`key_word3`=NULL WHERE `id` = '1' [ RunTime:0.0010s ]

