[ 2016-04-16T00:33:56+08:00 ] 127.0.0.1 /index.php?g=Admin&m=public&a=dologin
INFO: [ app_begin ] --START--
INFO: Run Behavior\ReadHtmlCacheBehavior [ RunTime:0.002000s ]
INFO: Run Behavior\CheckLangBehavior [ RunTime:0.004000s ]
INFO: [ app_begin ] --END-- [ RunTime:0.006000s ]
SQL: SHOW COLUMNS FROM `cmf_users` [ RunTime:0.0080s ]
SQL: SELECT * FROM `cmf_users` WHERE `user_login` = 'admin' LIMIT 1   [ RunTime:0.0010s ]
SQL: SHOW COLUMNS FROM `cmf_role_user` [ RunTime:0.1710s ]
SQL: SELECT `role_id` FROM cmf_role_user a INNER JOIN cmf_role as b on a.role_id =b.id  WHERE `user_id` = '1' AND `status` = 1  [ RunTime:0.3170s ]
SQL: UPDATE `cmf_users` SET `user_login`='admin',`user_pass`='###aecaad5e548d7a40378084ad4189c182',`user_nicename`='admin',`user_email`='a834280418@126.com',`user_url`='',`avatar`=NULL,`sex`='0',`birthday`=NULL,`signature`=NULL,`last_login_ip`='127.0.0.1',`last_login_time`='2016-04-16 00:33:56',`create_time`='2016-03-24 09:46:08',`user_activation_key`='',`user_status`='1',`score`='0',`user_type`='1',`coin`='0',`mobile`='',`key_word1`='java',`key_word2`='java',`key_word3`='java' WHERE `id` = '1' [ RunTime:0.0000s ]

[ 2016-04-16T00:35:13+08:00 ] 127.0.0.1 /index.php?g=Admin&m=nav&a=edit_post
INFO: [ app_begin ] --START--
INFO: Run Behavior\ReadHtmlCacheBehavior [ RunTime:0.001000s ]
INFO: Run Behavior\CheckLangBehavior [ RunTime:0.004001s ]
INFO: [ app_begin ] --END-- [ RunTime:0.006001s ]
SQL: SHOW COLUMNS FROM `cmf_users` [ RunTime:0.0040s ]
SQL: SELECT * FROM `cmf_users` WHERE ( id=1 ) LIMIT 1   [ RunTime:0.0000s ]
SQL: SHOW COLUMNS FROM `cmf_nav` [ RunTime:0.0050s ]
SQL: SHOW COLUMNS FROM `cmf_nav_cat` [ RunTime:0.0040s ]
SQL: UPDATE `cmf_nav` SET `cid`='1',`parentid`='0',`label`='新闻动态',`href`='a:2:{s:6:\"action\";s:17:\"Portal/List/index\";s:5:\"param\";a:1:{s:2:\"id\";s:1:\"1\";}}',`target`='',`icon`='',`status`='1',`path`='0-2' WHERE `id` = 2 [ RunTime:0.0010s ]

[ 2016-04-16T00:35:51+08:00 ] 127.0.0.1 /index.php?g=Admin&m=nav&a=edit_post
INFO: [ app_begin ] --START--
INFO: Run Behavior\ReadHtmlCacheBehavior [ RunTime:0.001000s ]
INFO: Run Behavior\CheckLangBehavior [ RunTime:0.006000s ]
INFO: [ app_begin ] --END-- [ RunTime:0.008000s ]
SQL: SHOW COLUMNS FROM `cmf_users` [ RunTime:0.0040s ]
SQL: SELECT * FROM `cmf_users` WHERE ( id=1 ) LIMIT 1   [ RunTime:0.0000s ]
SQL: SHOW COLUMNS FROM `cmf_nav` [ RunTime:0.0040s ]
SQL: SHOW COLUMNS FROM `cmf_nav_cat` [ RunTime:0.0040s ]
SQL: UPDATE `cmf_nav` SET `cid`='1',`parentid`='0',`label`='实习信息',`href`='a:2:{s:6:\"action\";s:17:\"Portal/List/index\";s:5:\"param\";a:1:{s:2:\"id\";s:1:\"2\";}}',`target`='',`icon`='',`status`='1',`path`='0-3' WHERE `id` = 3 [ RunTime:0.0010s ]

[ 2016-04-16T00:36:25+08:00 ] 127.0.0.1 /index.php?g=Admin&m=nav&a=edit_post
INFO: [ app_begin ] --START--
INFO: Run Behavior\ReadHtmlCacheBehavior [ RunTime:0.001000s ]
INFO: Run Behavior\CheckLangBehavior [ RunTime:0.004000s ]
INFO: [ app_begin ] --END-- [ RunTime:0.006000s ]
SQL: SHOW COLUMNS FROM `cmf_users` [ RunTime:0.0040s ]
SQL: SELECT * FROM `cmf_users` WHERE ( id=1 ) LIMIT 1   [ RunTime:0.0000s ]
SQL: SHOW COLUMNS FROM `cmf_nav` [ RunTime:0.0050s ]
SQL: SHOW COLUMNS FROM `cmf_nav_cat` [ RunTime:0.0050s ]
SQL: UPDATE `cmf_nav` SET `cid`='1',`parentid`='0',`label`='实习信息',`href`='http://127.0.0.1/index.php?g=blog&m=index&a=recruit',`target`='',`icon`='',`status`='1',`path`='0-3' WHERE `id` = 3 [ RunTime:0.0010s ]

[ 2016-04-16T10:45:59+08:00 ] 127.0.0.1 /index.php?g=Admin&m=public&a=dologin
INFO: [ app_begin ] --START--
INFO: Run Behavior\ReadHtmlCacheBehavior [ RunTime:0.001000s ]
INFO: Run Behavior\CheckLangBehavior [ RunTime:0.003001s ]
INFO: [ app_begin ] --END-- [ RunTime:0.005001s ]
SQL: SHOW COLUMNS FROM `cmf_users` [ RunTime:0.0050s ]
SQL: SELECT * FROM `cmf_users` WHERE `user_login` = 'admin' LIMIT 1   [ RunTime:0.0000s ]
SQL: SHOW COLUMNS FROM `cmf_role_user` [ RunTime:0.0340s ]
SQL: SELECT `role_id` FROM cmf_role_user a INNER JOIN cmf_role as b on a.role_id =b.id  WHERE `user_id` = '1' AND `status` = 1  [ RunTime:0.0280s ]
SQL: UPDATE `cmf_users` SET `user_login`='admin',`user_pass`='###aecaad5e548d7a40378084ad4189c182',`user_nicename`='admin',`user_email`='a834280418@126.com',`user_url`='',`avatar`=NULL,`sex`='0',`birthday`=NULL,`signature`=NULL,`last_login_ip`='127.0.0.1',`last_login_time`='2016-04-16 10:45:59',`create_time`='2016-03-24 09:46:08',`user_activation_key`='',`user_status`='1',`score`='0',`user_type`='1',`coin`='0',`mobile`='',`key_word1`='php',`key_word2`='javaweb',`key_word3`='android' WHERE `id` = '1' [ RunTime:0.0010s ]

[ 2016-04-16T12:03:47+08:00 ] 127.0.0.1 /index.php?g=Admin&m=public&a=dologin
INFO: [ app_begin ] --START--
INFO: Run Behavior\ReadHtmlCacheBehavior [ RunTime:0.002000s ]
INFO: Run Behavior\CheckLangBehavior [ RunTime:0.006001s ]
INFO: [ app_begin ] --END-- [ RunTime:0.009001s ]
SQL: SHOW COLUMNS FROM `cmf_users` [ RunTime:0.0110s ]
SQL: SELECT * FROM `cmf_users` WHERE `user_login` = 'admin' LIMIT 1   [ RunTime:0.0010s ]
SQL: SHOW COLUMNS FROM `cmf_role_user` [ RunTime:0.0090s ]
SQL: SELECT `role_id` FROM cmf_role_user a INNER JOIN cmf_role as b on a.role_id =b.id  WHERE `user_id` = '1' AND `status` = 1  [ RunTime:0.0020s ]
SQL: UPDATE `cmf_users` SET `user_login`='admin',`user_pass`='###aecaad5e548d7a40378084ad4189c182',`user_nicename`='admin',`user_email`='a834280418@126.com',`user_url`='',`avatar`=NULL,`sex`='0',`birthday`=NULL,`signature`=NULL,`last_login_ip`='127.0.0.1',`last_login_time`='2016-04-16 12:03:47',`create_time`='2016-03-24 09:46:08',`user_activation_key`='',`user_status`='1',`score`='0',`user_type`='1',`coin`='0',`mobile`='',`key_word1`='ios',`key_word2`='java',`key_word3`='发单' WHERE `id` = '1' [ RunTime:0.0010s ]

