[ 2016-05-27T13:30:02+08:00 ] 127.0.0.1 /index.php?g=user&m=index&a=is_login
INFO: [ app_begin ] --START--
INFO: Run Behavior\ReadHtmlCacheBehavior [ RunTime:0.001000s ]
INFO: Run Behavior\CheckLangBehavior [ RunTime:0.192011s ]
INFO: [ app_begin ] --END-- [ RunTime:0.194011s ]
NOTIC: [8] Undefined index: url E:\WWW\20160525\application\Common\Controller\AppframeController.class.php 第 24 行.

[ 2016-05-27T13:31:56+08:00 ] 127.0.0.1 /index.php?g=user&m=index&a=is_login
INFO: [ app_begin ] --START--
INFO: Run Behavior\ReadHtmlCacheBehavior [ RunTime:0.000000s ]
INFO: Run Behavior\CheckLangBehavior [ RunTime:0.001001s ]
INFO: [ app_begin ] --END-- [ RunTime:0.001001s ]
NOTIC: [8] Undefined index: url E:\WWW\20160525\application\Common\Controller\AppframeController.class.php 第 24 行.

[ 2016-05-27T13:31:56+08:00 ] 127.0.0.1 /index.php?g=user&m=index&a=is_login
INFO: [ app_begin ] --START--
INFO: Run Behavior\ReadHtmlCacheBehavior [ RunTime:0.000000s ]
INFO: Run Behavior\CheckLangBehavior [ RunTime:0.001000s ]
INFO: [ app_begin ] --END-- [ RunTime:0.002000s ]
NOTIC: [8] Undefined index: url E:\WWW\20160525\application\Common\Controller\AppframeController.class.php 第 24 行.

[ 2016-05-27T13:37:34+08:00 ] 127.0.0.1 /index.php?g=user&m=index&a=is_login
INFO: [ app_begin ] --START--
INFO: Run Behavior\ReadHtmlCacheBehavior [ RunTime:0.000000s ]
INFO: Run Behavior\CheckLangBehavior [ RunTime:0.001000s ]
INFO: [ app_begin ] --END-- [ RunTime:0.002000s ]
NOTIC: [8] Undefined index: url E:\WWW\20160525\application\Common\Controller\AppframeController.class.php 第 24 行.

[ 2016-05-27T13:41:40+08:00 ] 127.0.0.1 /index.php?g=user&m=index&a=is_login
INFO: [ app_begin ] --START--
INFO: Run Behavior\ReadHtmlCacheBehavior [ RunTime:0.001000s ]
INFO: Run Behavior\CheckLangBehavior [ RunTime:0.002000s ]
INFO: [ app_begin ] --END-- [ RunTime:0.003000s ]
NOTIC: [8] Undefined index: url E:\WWW\20160525\application\Common\Controller\AppframeController.class.php 第 24 行.

[ 2016-05-27T13:57:06+08:00 ] 127.0.0.1 /index.php?g=user&m=index&a=is_login
INFO: [ app_begin ] --START--
INFO: Run Behavior\ReadHtmlCacheBehavior [ RunTime:0.001000s ]
INFO: Run Behavior\CheckLangBehavior [ RunTime:0.000000s ]
INFO: [ app_begin ] --END-- [ RunTime:0.001000s ]
NOTIC: [8] Undefined index: url E:\WWW\20160525\application\Common\Controller\AppframeController.class.php 第 24 行.

[ 2016-05-27T13:57:37+08:00 ] 127.0.0.1 /index.php?g=user&m=index&a=is_login
INFO: [ app_begin ] --START--
INFO: Run Behavior\ReadHtmlCacheBehavior [ RunTime:0.000000s ]
INFO: Run Behavior\CheckLangBehavior [ RunTime:0.001000s ]
INFO: [ app_begin ] --END-- [ RunTime:0.002000s ]
NOTIC: [8] Undefined index: url E:\WWW\20160525\application\Common\Controller\AppframeController.class.php 第 24 行.

[ 2016-05-27T16:41:22+08:00 ] 127.0.0.1 /index.php?g=user&m=index&a=is_login
INFO: [ app_begin ] --START--
INFO: Run Behavior\ReadHtmlCacheBehavior [ RunTime:0.000000s ]
INFO: Run Behavior\CheckLangBehavior [ RunTime:0.000000s ]
INFO: [ app_begin ] --END-- [ RunTime:0.001000s ]
NOTIC: [8] Undefined index: url E:\WWW\20160525\application\Common\Controller\AppframeController.class.php 第 24 行.

[ 2016-05-27T16:41:23+08:00 ] 127.0.0.1 /index.php?g=user&m=index&a=is_login
INFO: [ app_begin ] --START--
INFO: Run Behavior\ReadHtmlCacheBehavior [ RunTime:0.000000s ]
INFO: Run Behavior\CheckLangBehavior [ RunTime:0.001000s ]
INFO: [ app_begin ] --END-- [ RunTime:0.002000s ]
NOTIC: [8] Undefined index: url E:\WWW\20160525\application\Common\Controller\AppframeController.class.php 第 24 行.

[ 2016-05-27T16:41:24+08:00 ] 127.0.0.1 /index.php?g=user&m=index&a=is_login
INFO: [ app_begin ] --START--
INFO: Run Behavior\ReadHtmlCacheBehavior [ RunTime:0.000000s ]
INFO: Run Behavior\CheckLangBehavior [ RunTime:0.001001s ]
INFO: [ app_begin ] --END-- [ RunTime:0.001001s ]
NOTIC: [8] Undefined index: url E:\WWW\20160525\application\Common\Controller\AppframeController.class.php 第 24 行.

[ 2016-05-27T16:41:58+08:00 ] 127.0.0.1 /index.php?g=user&m=index&a=is_login
INFO: [ app_begin ] --START--
INFO: Run Behavior\ReadHtmlCacheBehavior [ RunTime:0.000000s ]
INFO: Run Behavior\CheckLangBehavior [ RunTime:0.001000s ]
INFO: [ app_begin ] --END-- [ RunTime:0.002000s ]
NOTIC: [8] Undefined index: url E:\WWW\20160525\application\Common\Controller\AppframeController.class.php 第 24 行.

[ 2016-05-27T16:42:00+08:00 ] 127.0.0.1 /index.php?g=user&m=index&a=is_login
INFO: [ app_begin ] --START--
INFO: Run Behavior\ReadHtmlCacheBehavior [ RunTime:0.001000s ]
INFO: Run Behavior\CheckLangBehavior [ RunTime:0.000000s ]
INFO: [ app_begin ] --END-- [ RunTime:0.001000s ]
NOTIC: [8] Undefined index: url E:\WWW\20160525\application\Common\Controller\AppframeController.class.php 第 24 行.

[ 2016-05-27T16:51:08+08:00 ] 127.0.0.1 /index.php?g=user&m=index&a=is_login
INFO: [ app_begin ] --START--
INFO: Run Behavior\ReadHtmlCacheBehavior [ RunTime:0.001000s ]
INFO: Run Behavior\CheckLangBehavior [ RunTime:0.000000s ]
INFO: [ app_begin ] --END-- [ RunTime:0.001000s ]
NOTIC: [8] Undefined index: url E:\WWW\20160525\application\Common\Controller\AppframeController.class.php 第 24 行.

[ 2016-05-27T16:51:44+08:00 ] 127.0.0.1 /index.php?g=user&m=register&a=doregister
INFO: [ app_begin ] --START--
INFO: Run Behavior\ReadHtmlCacheBehavior [ RunTime:0.000000s ]
INFO: Run Behavior\CheckLangBehavior [ RunTime:0.001000s ]
INFO: [ app_begin ] --END-- [ RunTime:0.002000s ]

[ 2016-05-27T16:51:54+08:00 ] 127.0.0.1 /index.php?g=user&m=register&a=doregister
INFO: [ app_begin ] --START--
INFO: Run Behavior\ReadHtmlCacheBehavior [ RunTime:0.000000s ]
INFO: Run Behavior\CheckLangBehavior [ RunTime:0.001000s ]
INFO: [ app_begin ] --END-- [ RunTime:0.002000s ]
SQL: SHOW COLUMNS FROM `cmf_users` [ RunTime:0.0030s ]
SQL: SELECT COUNT(*) AS tp_count FROM `cmf_users` WHERE `user_login` = 'a834280418_126_com' OR `user_email` = 'a834280418@126.com' LIMIT 1   [ RunTime:0.0010s ]

[ 2016-05-27T16:52:09+08:00 ] 127.0.0.1 /index.php?g=user&m=register&a=doregister
INFO: [ app_begin ] --START--
INFO: Run Behavior\ReadHtmlCacheBehavior [ RunTime:0.001000s ]
INFO: Run Behavior\CheckLangBehavior [ RunTime:0.001000s ]
INFO: [ app_begin ] --END-- [ RunTime:0.002000s ]
SQL: SHOW COLUMNS FROM `cmf_users` [ RunTime:0.0030s ]
SQL: SELECT COUNT(*) AS tp_count FROM `cmf_users` WHERE `user_login` = 'a834280418_1261_com' OR `user_email` = 'a834280418@1261.com' LIMIT 1   [ RunTime:0.0010s ]
NOTIC: [8] Undefined variable: key_word1 E:\WWW\20160525\application\User\Controller\RegisterController.class.php 第 171 行.
NOTIC: [8] Undefined variable: key_word2 E:\WWW\20160525\application\User\Controller\RegisterController.class.php 第 172 行.
NOTIC: [8] Undefined variable: key_word3 E:\WWW\20160525\application\User\Controller\RegisterController.class.php 第 173 行.
SQL: INSERT INTO `cmf_users` (`user_login`,`user_email`,`user_nicename`,`mobile`,`key_word1`,`key_word2`,`key_word3`,`user_pass`,`last_login_ip`,`create_time`,`last_login_time`,`user_status`,`user_type`) VALUES ('a834280418_1261_com','a834280418@1261.com','a834280418_1261_com','189976332761',NULL,NULL,NULL,'###c84077fa86863d98ac07b9ccd3ce48e4','127.0.0.1','2016-05-27 16:52:09','2016-05-27 16:52:09','0','2') [ RunTime:0.0000s ]

[ 2016-05-27T16:52:11+08:00 ] 127.0.0.1 /index.php?g=user&m=index&a=is_login
INFO: [ app_begin ] --START--
INFO: Run Behavior\ReadHtmlCacheBehavior [ RunTime:0.000000s ]
INFO: Run Behavior\CheckLangBehavior [ RunTime:0.001000s ]
INFO: [ app_begin ] --END-- [ RunTime:0.001000s ]
NOTIC: [8] Undefined index: url E:\WWW\20160525\application\Common\Controller\AppframeController.class.php 第 24 行.

[ 2016-05-27T16:57:59+08:00 ] 127.0.0.1 /index.php?g=user&m=index&a=is_login
INFO: [ app_begin ] --START--
INFO: Run Behavior\ReadHtmlCacheBehavior [ RunTime:0.000000s ]
INFO: Run Behavior\CheckLangBehavior [ RunTime:0.001000s ]
INFO: [ app_begin ] --END-- [ RunTime:0.001000s ]
NOTIC: [8] Undefined index: url E:\WWW\20160525\application\Common\Controller\AppframeController.class.php 第 24 行.

[ 2016-05-27T16:59:11+08:00 ] 127.0.0.1 /index.php?g=user&m=register&a=doregister
INFO: [ app_begin ] --START--
INFO: Run Behavior\ReadHtmlCacheBehavior [ RunTime:0.000000s ]
INFO: Run Behavior\CheckLangBehavior [ RunTime:0.001001s ]
INFO: [ app_begin ] --END-- [ RunTime:0.002001s ]
SQL: SHOW COLUMNS FROM `cmf_users` [ RunTime:0.0020s ]
SQL: SELECT COUNT(*) AS tp_count FROM `cmf_users` WHERE `user_login` = 'a834280418_26_com' OR `user_email` = 'a834280418@26.com' LIMIT 1   [ RunTime:0.0000s ]
NOTIC: [8] Undefined variable: key_word1 E:\WWW\20160525\application\User\Controller\RegisterController.class.php 第 171 行.
NOTIC: [8] Undefined variable: key_word2 E:\WWW\20160525\application\User\Controller\RegisterController.class.php 第 172 行.
NOTIC: [8] Undefined variable: key_word3 E:\WWW\20160525\application\User\Controller\RegisterController.class.php 第 173 行.
SQL: INSERT INTO `cmf_users` (`user_login`,`user_email`,`user_nicename`,`mobile`,`key_word1`,`key_word2`,`key_word3`,`user_pass`,`last_login_ip`,`create_time`,`last_login_time`,`user_status`,`user_type`) VALUES ('a834280418_26_com','a834280418@26.com','a834280418_26_com','156489797',NULL,NULL,NULL,'###c84077fa86863d98ac07b9ccd3ce48e4','127.0.0.1','2016-05-27 16:59:11','2016-05-27 16:59:11','0','2') [ RunTime:0.0000s ]

[ 2016-05-27T16:59:13+08:00 ] 127.0.0.1 /index.php?g=user&m=index&a=is_login
INFO: [ app_begin ] --START--
INFO: Run Behavior\ReadHtmlCacheBehavior [ RunTime:0.000000s ]
INFO: Run Behavior\CheckLangBehavior [ RunTime:0.001000s ]
INFO: [ app_begin ] --END-- [ RunTime:0.001000s ]
NOTIC: [8] Undefined index: url E:\WWW\20160525\application\Common\Controller\AppframeController.class.php 第 24 行.

[ 2016-05-27T17:02:09+08:00 ] 127.0.0.1 /index.php?g=user&m=index&a=is_login
INFO: [ app_begin ] --START--
INFO: Run Behavior\ReadHtmlCacheBehavior [ RunTime:0.001000s ]
INFO: Run Behavior\CheckLangBehavior [ RunTime:0.001000s ]
INFO: [ app_begin ] --END-- [ RunTime:0.002000s ]
NOTIC: [8] Undefined index: url E:\WWW\20160525\application\Common\Controller\AppframeController.class.php 第 24 行.

[ 2016-05-27T17:02:10+08:00 ] 127.0.0.1 /index.php?g=user&m=index&a=is_login
INFO: [ app_begin ] --START--
INFO: Run Behavior\ReadHtmlCacheBehavior [ RunTime:0.000000s ]
INFO: Run Behavior\CheckLangBehavior [ RunTime:0.001000s ]
INFO: [ app_begin ] --END-- [ RunTime:0.001000s ]
NOTIC: [8] Undefined index: url E:\WWW\20160525\application\Common\Controller\AppframeController.class.php 第 24 行.

[ 2016-05-27T17:02:48+08:00 ] 127.0.0.1 /index.php?g=user&m=register&a=doregister
INFO: [ app_begin ] --START--
INFO: Run Behavior\ReadHtmlCacheBehavior [ RunTime:0.000000s ]
INFO: Run Behavior\CheckLangBehavior [ RunTime:0.001000s ]
INFO: [ app_begin ] --END-- [ RunTime:0.002000s ]

[ 2016-05-27T17:02:54+08:00 ] 127.0.0.1 /index.php?g=user&m=register&a=doregister
INFO: [ app_begin ] --START--
INFO: Run Behavior\ReadHtmlCacheBehavior [ RunTime:0.001000s ]
INFO: Run Behavior\CheckLangBehavior [ RunTime:0.000000s ]
INFO: [ app_begin ] --END-- [ RunTime:0.001000s ]

[ 2016-05-27T17:02:59+08:00 ] 127.0.0.1 /index.php?g=user&m=register&a=doregister
INFO: [ app_begin ] --START--
INFO: Run Behavior\ReadHtmlCacheBehavior [ RunTime:0.000000s ]
INFO: Run Behavior\CheckLangBehavior [ RunTime:0.001001s ]
INFO: [ app_begin ] --END-- [ RunTime:0.003001s ]
SQL: SHOW COLUMNS FROM `cmf_users` [ RunTime:0.0050s ]
SQL: SELECT COUNT(*) AS tp_count FROM `cmf_users` WHERE `user_login` = 'a834280418_12645_com' OR `user_email` = 'a834280418@12645.com' LIMIT 1   [ RunTime:0.0010s ]
NOTIC: [8] Undefined variable: key_word1 E:\WWW\20160525\application\User\Controller\RegisterController.class.php 第 174 行.
NOTIC: [8] Undefined variable: key_word2 E:\WWW\20160525\application\User\Controller\RegisterController.class.php 第 175 行.
NOTIC: [8] Undefined variable: key_word3 E:\WWW\20160525\application\User\Controller\RegisterController.class.php 第 176 行.
SQL: INSERT INTO `cmf_users` (`user_login`,`user_email`,`user_nicename`,`mobile`,`key_word1`,`key_word2`,`key_word3`,`user_pass`,`last_login_ip`,`create_time`,`last_login_time`,`user_status`,`user_type`) VALUES ('20132401022','a834280418@12645.com','a834280418_12645_com','678578578',NULL,NULL,NULL,'###c84077fa86863d98ac07b9ccd3ce48e4','127.0.0.1','2016-05-27 17:02:59','2016-05-27 17:02:59','0','2') [ RunTime:0.0020s ]

[ 2016-05-27T17:03:01+08:00 ] 127.0.0.1 /index.php?g=user&m=index&a=is_login
INFO: [ app_begin ] --START--
INFO: Run Behavior\ReadHtmlCacheBehavior [ RunTime:0.001000s ]
INFO: Run Behavior\CheckLangBehavior [ RunTime:0.001000s ]
INFO: [ app_begin ] --END-- [ RunTime:0.002000s ]
NOTIC: [8] Undefined index: url E:\WWW\20160525\application\Common\Controller\AppframeController.class.php 第 24 行.

[ 2016-05-27T17:15:04+08:00 ] 127.0.0.1 /index.php?g=user&m=index&a=is_login
INFO: [ app_begin ] --START--
INFO: Run Behavior\ReadHtmlCacheBehavior [ RunTime:0.001000s ]
INFO: Run Behavior\CheckLangBehavior [ RunTime:0.001000s ]
INFO: [ app_begin ] --END-- [ RunTime:0.002000s ]
NOTIC: [8] Undefined index: url E:\WWW\20160525\application\Common\Controller\AppframeController.class.php 第 24 行.

[ 2016-05-27T17:15:35+08:00 ] 127.0.0.1 /index.php?g=user&m=register&a=doregister
INFO: [ app_begin ] --START--
INFO: Run Behavior\ReadHtmlCacheBehavior [ RunTime:0.000000s ]
INFO: Run Behavior\CheckLangBehavior [ RunTime:0.001000s ]
INFO: [ app_begin ] --END-- [ RunTime:0.001000s ]
SQL: SHOW COLUMNS FROM `cmf_users` [ RunTime:0.0030s ]
SQL: SELECT COUNT(*) AS tp_count FROM `cmf_users` WHERE `user_login` = 'a834280418_1226_com' OR `user_email` = 'a834280418@1226.com' LIMIT 1   [ RunTime:0.0030s ]
NOTIC: [8] Undefined variable: key_word1 E:\WWW\20160525\application\User\Controller\RegisterController.class.php 第 174 行.
NOTIC: [8] Undefined variable: key_word2 E:\WWW\20160525\application\User\Controller\RegisterController.class.php 第 175 行.
NOTIC: [8] Undefined variable: key_word3 E:\WWW\20160525\application\User\Controller\RegisterController.class.php 第 176 行.
SQL: INSERT INTO `cmf_users` (`user_login`,`user_email`,`user_nicename`,`mobile`,`key_word1`,`key_word2`,`key_word3`,`user_pass`,`last_login_ip`,`create_time`,`last_login_time`,`user_status`,`user_type`) VALUES ('486415646','a834280418@1226.com','a834280418_1226_com','4848964',NULL,NULL,NULL,'###c84077fa86863d98ac07b9ccd3ce48e4','127.0.0.1','2016-05-27 17:15:35','2016-05-27 17:15:35','0','2') [ RunTime:0.0040s ]

[ 2016-05-27T17:15:37+08:00 ] 127.0.0.1 /index.php?g=user&m=index&a=is_login
INFO: [ app_begin ] --START--
INFO: Run Behavior\ReadHtmlCacheBehavior [ RunTime:0.000000s ]
INFO: Run Behavior\CheckLangBehavior [ RunTime:0.001000s ]
INFO: [ app_begin ] --END-- [ RunTime:0.002000s ]
NOTIC: [8] Undefined index: url E:\WWW\20160525\application\Common\Controller\AppframeController.class.php 第 24 行.

[ 2016-05-27T17:19:00+08:00 ] 127.0.0.1 /index.php?g=user&m=index&a=is_login
INFO: [ app_begin ] --START--
INFO: Run Behavior\ReadHtmlCacheBehavior [ RunTime:0.000000s ]
INFO: Run Behavior\CheckLangBehavior [ RunTime:0.001000s ]
INFO: [ app_begin ] --END-- [ RunTime:0.001000s ]
NOTIC: [8] Undefined index: url E:\WWW\20160525\application\Common\Controller\AppframeController.class.php 第 24 行.

[ 2016-05-27T17:21:34+08:00 ] 127.0.0.1 /index.php?g=user&m=index&a=is_login
INFO: [ app_begin ] --START--
INFO: Run Behavior\ReadHtmlCacheBehavior [ RunTime:0.000000s ]
INFO: Run Behavior\CheckLangBehavior [ RunTime:0.001000s ]
INFO: [ app_begin ] --END-- [ RunTime:0.001000s ]
NOTIC: [8] Undefined index: url E:\WWW\20160525\application\Common\Controller\AppframeController.class.php 第 24 行.

[ 2016-05-27T17:22:26+08:00 ] 127.0.0.1 /index.php?g=user&m=register&a=doregister
INFO: [ app_begin ] --START--
INFO: Run Behavior\ReadHtmlCacheBehavior [ RunTime:0.000000s ]
INFO: Run Behavior\CheckLangBehavior [ RunTime:0.001000s ]
INFO: [ app_begin ] --END-- [ RunTime:0.001000s ]

[ 2016-05-27T17:22:32+08:00 ] 127.0.0.1 /index.php?g=user&m=register&a=doregister
INFO: [ app_begin ] --START--
INFO: Run Behavior\ReadHtmlCacheBehavior [ RunTime:0.000000s ]
INFO: Run Behavior\CheckLangBehavior [ RunTime:0.001000s ]
INFO: [ app_begin ] --END-- [ RunTime:0.001000s ]

[ 2016-05-27T17:22:37+08:00 ] 127.0.0.1 /index.php?g=user&m=register&a=doregister
INFO: [ app_begin ] --START--
INFO: Run Behavior\ReadHtmlCacheBehavior [ RunTime:0.000000s ]
INFO: Run Behavior\CheckLangBehavior [ RunTime:0.000000s ]
INFO: [ app_begin ] --END-- [ RunTime:0.001000s ]
SQL: SHOW COLUMNS FROM `cmf_users` [ RunTime:0.0050s ]
SQL: SELECT COUNT(*) AS tp_count FROM `cmf_users` WHERE `user_login` = 'a834280418_128566_com' OR `user_email` = 'a834280418@128566.com' LIMIT 1   [ RunTime:0.0010s ]
NOTIC: [8] Undefined variable: key_word1 E:\WWW\20160525\application\User\Controller\RegisterController.class.php 第 175 行.
NOTIC: [8] Undefined variable: key_word2 E:\WWW\20160525\application\User\Controller\RegisterController.class.php 第 176 行.
NOTIC: [8] Undefined variable: key_word3 E:\WWW\20160525\application\User\Controller\RegisterController.class.php 第 177 行.
SQL: INSERT INTO `cmf_users` (`user_login`,`user_email`,`user_nicename`,`mobile`,`key_word1`,`key_word2`,`key_word3`,`user_pass`,`last_login_ip`,`create_time`,`last_login_time`,`user_status`,`user_type`) VALUES ('48948948949','a834280418@128566.com','a834280418_128566_com','18976332645',NULL,NULL,NULL,'###c84077fa86863d98ac07b9ccd3ce48e4','127.0.0.1','2016-05-27 17:22:37','2016-05-27 17:22:37','0','2') [ RunTime:0.0010s ]

[ 2016-05-27T17:22:38+08:00 ] 127.0.0.1 /index.php?g=user&m=index&a=is_login
INFO: [ app_begin ] --START--
INFO: Run Behavior\ReadHtmlCacheBehavior [ RunTime:0.001000s ]
INFO: Run Behavior\CheckLangBehavior [ RunTime:0.000000s ]
INFO: [ app_begin ] --END-- [ RunTime:0.001000s ]
NOTIC: [8] Undefined index: url E:\WWW\20160525\application\Common\Controller\AppframeController.class.php 第 24 行.

[ 2016-05-27T17:28:05+08:00 ] 127.0.0.1 /index.php?g=user&m=index&a=is_login
INFO: [ app_begin ] --START--
INFO: Run Behavior\ReadHtmlCacheBehavior [ RunTime:0.001000s ]
INFO: Run Behavior\CheckLangBehavior [ RunTime:0.000000s ]
INFO: [ app_begin ] --END-- [ RunTime:0.001000s ]
NOTIC: [8] Undefined index: url E:\WWW\20160525\application\Common\Controller\AppframeController.class.php 第 24 行.

[ 2016-05-27T17:28:07+08:00 ] 127.0.0.1 /index.php?g=user&m=index&a=is_login
INFO: [ app_begin ] --START--
INFO: Run Behavior\ReadHtmlCacheBehavior [ RunTime:0.001000s ]
INFO: Run Behavior\CheckLangBehavior [ RunTime:0.000000s ]
INFO: [ app_begin ] --END-- [ RunTime:0.001000s ]
NOTIC: [8] Undefined index: url E:\WWW\20160525\application\Common\Controller\AppframeController.class.php 第 24 行.

[ 2016-05-27T17:29:23+08:00 ] 127.0.0.1 /index.php?g=user&m=register&a=doregister
INFO: [ app_begin ] --START--
INFO: Run Behavior\ReadHtmlCacheBehavior [ RunTime:0.001000s ]
INFO: Run Behavior\CheckLangBehavior [ RunTime:0.001000s ]
INFO: [ app_begin ] --END-- [ RunTime:0.002000s ]
SQL: SHOW COLUMNS FROM `cmf_users` [ RunTime:0.0030s ]
SQL: SELECT COUNT(*) AS tp_count FROM `cmf_users` WHERE `user_login` = 'a834280418_12236_com' OR `user_email` = 'a834280418@12236.com' LIMIT 1   [ RunTime:0.0000s ]
NOTIC: [8] Undefined variable: key_word1 E:\WWW\20160525\application\User\Controller\RegisterController.class.php 第 175 行.
NOTIC: [8] Undefined variable: key_word2 E:\WWW\20160525\application\User\Controller\RegisterController.class.php 第 176 行.
NOTIC: [8] Undefined variable: key_word3 E:\WWW\20160525\application\User\Controller\RegisterController.class.php 第 177 行.
SQL: INSERT INTO `cmf_users` (`user_login`,`user_email`,`user_nicename`,`mobile`,`key_word1`,`key_word2`,`key_word3`,`user_pass`,`last_login_ip`,`create_time`,`last_login_time`,`user_status`,`user_type`) VALUES ('141896489','a834280418@12236.com','a834280418_12236_com','16419866',NULL,NULL,NULL,'###c84077fa86863d98ac07b9ccd3ce48e4','127.0.0.1','2016-05-27 17:29:23','2016-05-27 17:29:23','0','2') [ RunTime:0.0000s ]
NOTIC: [8] Undefined variable: key_word1 E:\WWW\20160525\application\User\Controller\RegisterController.class.php 第 198 行.
NOTIC: [8] Undefined variable: key_word2 E:\WWW\20160525\application\User\Controller\RegisterController.class.php 第 199 行.
NOTIC: [8] Undefined variable: key_word3 E:\WWW\20160525\application\User\Controller\RegisterController.class.php 第 200 行.
INFO: [ app_end ] --START--
INFO: Run Behavior\ShowPageTraceBehavior [ RunTime:0.001001s ]
INFO: [ app_end ] --END-- [ RunTime:0.001001s ]

[ 2016-05-27T17:30:04+08:00 ] 127.0.0.1 /index.php?g=user&m=index&a=is_login
INFO: [ app_begin ] --START--
INFO: Run Behavior\ReadHtmlCacheBehavior [ RunTime:0.001000s ]
INFO: Run Behavior\CheckLangBehavior [ RunTime:0.001000s ]
INFO: [ app_begin ] --END-- [ RunTime:0.002000s ]
NOTIC: [8] Undefined index: url E:\WWW\20160525\application\Common\Controller\AppframeController.class.php 第 24 行.

[ 2016-05-27T17:30:45+08:00 ] 127.0.0.1 /index.php?g=user&m=index&a=is_login
INFO: [ app_begin ] --START--
INFO: Run Behavior\ReadHtmlCacheBehavior [ RunTime:0.000000s ]
INFO: Run Behavior\CheckLangBehavior [ RunTime:0.001000s ]
INFO: [ app_begin ] --END-- [ RunTime:0.001000s ]
NOTIC: [8] Undefined index: url E:\WWW\20160525\application\Common\Controller\AppframeController.class.php 第 24 行.

[ 2016-05-27T18:10:47+08:00 ] 127.0.0.1 /index.php?g=user&m=index&a=is_login
INFO: [ app_begin ] --START--
INFO: Run Behavior\ReadHtmlCacheBehavior [ RunTime:0.000000s ]
INFO: Run Behavior\CheckLangBehavior [ RunTime:0.001000s ]
INFO: [ app_begin ] --END-- [ RunTime:0.001000s ]
NOTIC: [8] Undefined index: url E:\WWW\20160525\application\Common\Controller\AppframeController.class.php 第 24 行.

[ 2016-05-27T18:10:49+08:00 ] 127.0.0.1 /index.php?g=user&m=index&a=is_login
INFO: [ app_begin ] --START--
INFO: Run Behavior\ReadHtmlCacheBehavior [ RunTime:0.001000s ]
INFO: Run Behavior\CheckLangBehavior [ RunTime:0.000000s ]
INFO: [ app_begin ] --END-- [ RunTime:0.001000s ]
NOTIC: [8] Undefined index: url E:\WWW\20160525\application\Common\Controller\AppframeController.class.php 第 24 行.

[ 2016-05-27T18:11:04+08:00 ] 127.0.0.1 /index.php?g=user&m=index&a=is_login
INFO: [ app_begin ] --START--
INFO: Run Behavior\ReadHtmlCacheBehavior [ RunTime:0.000000s ]
INFO: Run Behavior\CheckLangBehavior [ RunTime:0.001000s ]
INFO: [ app_begin ] --END-- [ RunTime:0.002000s ]
NOTIC: [8] Undefined index: url E:\WWW\20160525\application\Common\Controller\AppframeController.class.php 第 24 行.

[ 2016-05-27T18:19:36+08:00 ] 127.0.0.1 /index.php?g=user&m=index&a=is_login
INFO: [ app_begin ] --START--
INFO: Run Behavior\ReadHtmlCacheBehavior [ RunTime:0.001000s ]
INFO: Run Behavior\CheckLangBehavior [ RunTime:0.000000s ]
INFO: [ app_begin ] --END-- [ RunTime:0.001000s ]
NOTIC: [8] Undefined index: url E:\WWW\20160525\application\Common\Controller\AppframeController.class.php 第 24 行.

[ 2016-05-27T18:19:38+08:00 ] 127.0.0.1 /index.php?g=user&m=index&a=is_login
INFO: [ app_begin ] --START--
INFO: Run Behavior\ReadHtmlCacheBehavior [ RunTime:0.001000s ]
INFO: Run Behavior\CheckLangBehavior [ RunTime:0.001000s ]
INFO: [ app_begin ] --END-- [ RunTime:0.002000s ]
NOTIC: [8] Undefined index: url E:\WWW\20160525\application\Common\Controller\AppframeController.class.php 第 24 行.

[ 2016-05-27T18:19:43+08:00 ] 127.0.0.1 /index.php?g=user&m=index&a=is_login
INFO: [ app_begin ] --START--
INFO: Run Behavior\ReadHtmlCacheBehavior [ RunTime:0.001000s ]
INFO: Run Behavior\CheckLangBehavior [ RunTime:0.000000s ]
INFO: [ app_begin ] --END-- [ RunTime:0.001000s ]
NOTIC: [8] Undefined index: url E:\WWW\20160525\application\Common\Controller\AppframeController.class.php 第 24 行.

[ 2016-05-27T18:41:28+08:00 ] 127.0.0.1 /index.php?g=user&m=index&a=is_login
INFO: [ app_begin ] --START--
INFO: Run Behavior\ReadHtmlCacheBehavior [ RunTime:0.001000s ]
INFO: Run Behavior\CheckLangBehavior [ RunTime:0.001000s ]
INFO: [ app_begin ] --END-- [ RunTime:0.002000s ]
NOTIC: [8] Undefined index: url E:\WWW\20160525\application\Common\Controller\AppframeController.class.php 第 24 行.

[ 2016-05-27T18:41:29+08:00 ] 127.0.0.1 /index.php?g=user&m=index&a=is_login
INFO: [ app_begin ] --START--
INFO: Run Behavior\ReadHtmlCacheBehavior [ RunTime:0.000000s ]
INFO: Run Behavior\CheckLangBehavior [ RunTime:0.001000s ]
INFO: [ app_begin ] --END-- [ RunTime:0.001000s ]
NOTIC: [8] Undefined index: url E:\WWW\20160525\application\Common\Controller\AppframeController.class.php 第 24 行.

[ 2016-05-27T18:41:58+08:00 ] 127.0.0.1 /index.php?g=user&m=index&a=is_login
INFO: [ app_begin ] --START--
INFO: Run Behavior\ReadHtmlCacheBehavior [ RunTime:0.001000s ]
INFO: Run Behavior\CheckLangBehavior [ RunTime:0.000000s ]
INFO: [ app_begin ] --END-- [ RunTime:0.001000s ]
NOTIC: [8] Undefined index: url E:\WWW\20160525\application\Common\Controller\AppframeController.class.php 第 24 行.

[ 2016-05-27T18:42:04+08:00 ] 127.0.0.1 /index.php?g=user&m=index&a=is_login
INFO: [ app_begin ] --START--
INFO: Run Behavior\ReadHtmlCacheBehavior [ RunTime:0.000000s ]
INFO: Run Behavior\CheckLangBehavior [ RunTime:0.001000s ]
INFO: [ app_begin ] --END-- [ RunTime:0.001000s ]
NOTIC: [8] Undefined index: url E:\WWW\20160525\application\Common\Controller\AppframeController.class.php 第 24 行.

[ 2016-05-27T18:42:20+08:00 ] 127.0.0.1 /index.php?g=user&m=index&a=is_login
INFO: [ app_begin ] --START--
INFO: Run Behavior\ReadHtmlCacheBehavior [ RunTime:0.001000s ]
INFO: Run Behavior\CheckLangBehavior [ RunTime:0.000000s ]
INFO: [ app_begin ] --END-- [ RunTime:0.001000s ]
NOTIC: [8] Undefined index: url E:\WWW\20160525\application\Common\Controller\AppframeController.class.php 第 24 行.

[ 2016-05-27T18:49:42+08:00 ] 127.0.0.1 /index.php?g=user&m=index&a=is_login
INFO: [ app_begin ] --START--
INFO: Run Behavior\ReadHtmlCacheBehavior [ RunTime:0.000000s ]
INFO: Run Behavior\CheckLangBehavior [ RunTime:0.001000s ]
INFO: [ app_begin ] --END-- [ RunTime:0.002000s ]
NOTIC: [8] Undefined index: url E:\WWW\20160525\application\Common\Controller\AppframeController.class.php 第 24 行.

[ 2016-05-27T18:49:44+08:00 ] 127.0.0.1 /index.php?g=user&m=index&a=is_login
INFO: [ app_begin ] --START--
INFO: Run Behavior\ReadHtmlCacheBehavior [ RunTime:0.000000s ]
INFO: Run Behavior\CheckLangBehavior [ RunTime:0.001000s ]
INFO: [ app_begin ] --END-- [ RunTime:0.002000s ]
NOTIC: [8] Undefined index: url E:\WWW\20160525\application\Common\Controller\AppframeController.class.php 第 24 行.

[ 2016-05-27T18:50:25+08:00 ] 127.0.0.1 /index.php?g=user&m=index&a=is_login
INFO: [ app_begin ] --START--
INFO: Run Behavior\ReadHtmlCacheBehavior [ RunTime:0.000000s ]
INFO: Run Behavior\CheckLangBehavior [ RunTime:0.001000s ]
INFO: [ app_begin ] --END-- [ RunTime:0.001000s ]
NOTIC: [8] Undefined index: url E:\WWW\20160525\application\Common\Controller\AppframeController.class.php 第 24 行.

[ 2016-05-27T18:50:40+08:00 ] 127.0.0.1 /index.php?g=user&m=index&a=is_login
INFO: [ app_begin ] --START--
INFO: Run Behavior\ReadHtmlCacheBehavior [ RunTime:0.000000s ]
INFO: Run Behavior\CheckLangBehavior [ RunTime:0.001000s ]
INFO: [ app_begin ] --END-- [ RunTime:0.002001s ]
NOTIC: [8] Undefined index: url E:\WWW\20160525\application\Common\Controller\AppframeController.class.php 第 24 行.

[ 2016-05-27T18:50:51+08:00 ] 127.0.0.1 /index.php?g=user&m=index&a=is_login
INFO: [ app_begin ] --START--
INFO: Run Behavior\ReadHtmlCacheBehavior [ RunTime:0.001000s ]
INFO: Run Behavior\CheckLangBehavior [ RunTime:0.001000s ]
INFO: [ app_begin ] --END-- [ RunTime:0.002000s ]
NOTIC: [8] Undefined index: url E:\WWW\20160525\application\Common\Controller\AppframeController.class.php 第 24 行.

[ 2016-05-27T19:00:23+08:00 ] 127.0.0.1 /index.php?g=user&m=index&a=is_login
INFO: [ app_begin ] --START--
INFO: Run Behavior\ReadHtmlCacheBehavior [ RunTime:0.001000s ]
INFO: Run Behavior\CheckLangBehavior [ RunTime:0.001000s ]
INFO: [ app_begin ] --END-- [ RunTime:0.002000s ]
NOTIC: [8] Undefined index: url E:\WWW\20160525\application\Common\Controller\AppframeController.class.php 第 24 行.

[ 2016-05-27T19:00:39+08:00 ] 127.0.0.1 /index.php?g=user&m=index&a=is_login
INFO: [ app_begin ] --START--
INFO: Run Behavior\ReadHtmlCacheBehavior [ RunTime:0.000000s ]
INFO: Run Behavior\CheckLangBehavior [ RunTime:0.001000s ]
INFO: [ app_begin ] --END-- [ RunTime:0.001000s ]
NOTIC: [8] Undefined index: url E:\WWW\20160525\application\Common\Controller\AppframeController.class.php 第 24 行.

[ 2016-05-27T19:00:40+08:00 ] 127.0.0.1 /index.php?g=user&m=index&a=is_login
INFO: [ app_begin ] --START--
INFO: Run Behavior\ReadHtmlCacheBehavior [ RunTime:0.000000s ]
INFO: Run Behavior\CheckLangBehavior [ RunTime:0.001000s ]
INFO: [ app_begin ] --END-- [ RunTime:0.001000s ]
NOTIC: [8] Undefined index: url E:\WWW\20160525\application\Common\Controller\AppframeController.class.php 第 24 行.

[ 2016-05-27T19:00:51+08:00 ] 127.0.0.1 /index.php?g=user&m=index&a=is_login
INFO: [ app_begin ] --START--
INFO: Run Behavior\ReadHtmlCacheBehavior [ RunTime:0.001000s ]
INFO: Run Behavior\CheckLangBehavior [ RunTime:0.002000s ]
INFO: [ app_begin ] --END-- [ RunTime:0.004000s ]
NOTIC: [8] Undefined index: url E:\WWW\20160525\application\Common\Controller\AppframeController.class.php 第 24 行.

[ 2016-05-27T19:00:56+08:00 ] 127.0.0.1 /index.php?g=user&m=index&a=is_login
INFO: [ app_begin ] --START--
INFO: Run Behavior\ReadHtmlCacheBehavior [ RunTime:0.000000s ]
INFO: Run Behavior\CheckLangBehavior [ RunTime:0.001000s ]
INFO: [ app_begin ] --END-- [ RunTime:0.001000s ]
NOTIC: [8] Undefined index: url E:\WWW\20160525\application\Common\Controller\AppframeController.class.php 第 24 行.

[ 2016-05-27T19:00:57+08:00 ] 127.0.0.1 /index.php?g=user&m=index&a=is_login
INFO: [ app_begin ] --START--
INFO: Run Behavior\ReadHtmlCacheBehavior [ RunTime:0.000000s ]
INFO: Run Behavior\CheckLangBehavior [ RunTime:0.001000s ]
INFO: [ app_begin ] --END-- [ RunTime:0.002000s ]
NOTIC: [8] Undefined index: url E:\WWW\20160525\application\Common\Controller\AppframeController.class.php 第 24 行.

[ 2016-05-27T19:01:00+08:00 ] 127.0.0.1 /index.php?g=user&m=index&a=is_login
INFO: [ app_begin ] --START--
INFO: Run Behavior\ReadHtmlCacheBehavior [ RunTime:0.000000s ]
INFO: Run Behavior\CheckLangBehavior [ RunTime:0.000000s ]
INFO: [ app_begin ] --END-- [ RunTime:0.001000s ]
NOTIC: [8] Undefined index: url E:\WWW\20160525\application\Common\Controller\AppframeController.class.php 第 24 行.

[ 2016-05-27T19:01:01+08:00 ] 127.0.0.1 /index.php?g=user&m=index&a=is_login
INFO: [ app_begin ] --START--
INFO: Run Behavior\ReadHtmlCacheBehavior [ RunTime:0.001000s ]
INFO: Run Behavior\CheckLangBehavior [ RunTime:0.000000s ]
INFO: [ app_begin ] --END-- [ RunTime:0.001000s ]
NOTIC: [8] Undefined index: url E:\WWW\20160525\application\Common\Controller\AppframeController.class.php 第 24 行.

