[ 2016-04-14T21:26:04+08:00 ] 127.0.0.1 /index.php?g=user&m=index&a=is_login
INFO: [ app_begin ] --START--
INFO: Run Behavior\ReadHtmlCacheBehavior [ RunTime:0.001000s ]
INFO: Run Behavior\CheckLangBehavior [ RunTime:0.004000s ]
INFO: [ app_begin ] --END-- [ RunTime:0.006001s ]
NOTIC: [8] Undefined index: url C:\Users\NIO\Desktop\20160412\20160412\20160410\application\Common\Controller\AppframeController.class.php 第 24 行.

[ 2016-04-14T21:26:40+08:00 ] 127.0.0.1 /index.php?g=user&m=index&a=is_login
INFO: [ app_begin ] --START--
INFO: Run Behavior\ReadHtmlCacheBehavior [ RunTime:0.002000s ]
INFO: Run Behavior\CheckLangBehavior [ RunTime:0.003000s ]
INFO: [ app_begin ] --END-- [ RunTime:0.006000s ]
NOTIC: [8] Undefined index: url C:\Users\NIO\Desktop\20160412\20160412\20160410\application\Common\Controller\AppframeController.class.php 第 24 行.

[ 2016-04-14T21:29:04+08:00 ] 127.0.0.1 /index.php?g=user&m=index&a=is_login
INFO: [ app_begin ] --START--
INFO: Run Behavior\ReadHtmlCacheBehavior [ RunTime:0.001000s ]
INFO: Run Behavior\CheckLangBehavior [ RunTime:0.002001s ]
INFO: [ app_begin ] --END-- [ RunTime:0.004001s ]
NOTIC: [8] Undefined index: url C:\Users\NIO\Desktop\20160412\20160412\20160410\application\Common\Controller\AppframeController.class.php 第 24 行.

[ 2016-04-14T21:29:51+08:00 ] 127.0.0.1 /index.php?g=user&m=index&a=is_login
INFO: [ app_begin ] --START--
INFO: Run Behavior\ReadHtmlCacheBehavior [ RunTime:0.001000s ]
INFO: Run Behavior\CheckLangBehavior [ RunTime:0.003000s ]
INFO: [ app_begin ] --END-- [ RunTime:0.005000s ]
NOTIC: [8] Undefined index: url C:\Users\NIO\Desktop\20160412\20160412\20160410\application\Common\Controller\AppframeController.class.php 第 24 行.

[ 2016-04-14T21:31:39+08:00 ] 127.0.0.1 /index.php?g=user&m=index&a=is_login
INFO: [ app_begin ] --START--
INFO: Run Behavior\ReadHtmlCacheBehavior [ RunTime:0.001000s ]
INFO: Run Behavior\CheckLangBehavior [ RunTime:0.003000s ]
INFO: [ app_begin ] --END-- [ RunTime:0.005000s ]
NOTIC: [8] Undefined index: url C:\Users\NIO\Desktop\20160412\20160412\20160410\application\Common\Controller\AppframeController.class.php 第 24 行.

[ 2016-04-14T21:31:58+08:00 ] 127.0.0.1 /index.php?g=user&m=index&a=is_login
INFO: [ app_begin ] --START--
INFO: Run Behavior\ReadHtmlCacheBehavior [ RunTime:0.002001s ]
INFO: Run Behavior\CheckLangBehavior [ RunTime:0.002000s ]
INFO: [ app_begin ] --END-- [ RunTime:0.006001s ]
NOTIC: [8] Undefined index: url C:\Users\NIO\Desktop\20160412\20160412\20160410\application\Common\Controller\AppframeController.class.php 第 24 行.

[ 2016-04-14T21:32:02+08:00 ] 127.0.0.1 /index.php?g=user&m=index&a=is_login
INFO: [ app_begin ] --START--
INFO: Run Behavior\ReadHtmlCacheBehavior [ RunTime:0.002000s ]
INFO: Run Behavior\CheckLangBehavior [ RunTime:0.004000s ]
INFO: [ app_begin ] --END-- [ RunTime:0.007000s ]
NOTIC: [8] Undefined index: url C:\Users\NIO\Desktop\20160412\20160412\20160410\application\Common\Controller\AppframeController.class.php 第 24 行.

[ 2016-04-14T21:32:09+08:00 ] 127.0.0.1 /index.php?g=user&m=index&a=is_login
INFO: [ app_begin ] --START--
INFO: Run Behavior\ReadHtmlCacheBehavior [ RunTime:0.001000s ]
INFO: Run Behavior\CheckLangBehavior [ RunTime:0.003000s ]
INFO: [ app_begin ] --END-- [ RunTime:0.005000s ]
NOTIC: [8] Undefined index: url C:\Users\NIO\Desktop\20160412\20160412\20160410\application\Common\Controller\AppframeController.class.php 第 24 行.

[ 2016-04-14T21:32:31+08:00 ] 127.0.0.1 /index.php?g=user&m=index&a=is_login
INFO: [ app_begin ] --START--
INFO: Run Behavior\ReadHtmlCacheBehavior [ RunTime:0.001000s ]
INFO: Run Behavior\CheckLangBehavior [ RunTime:0.003001s ]
INFO: [ app_begin ] --END-- [ RunTime:0.005001s ]
NOTIC: [8] Undefined index: url C:\Users\NIO\Desktop\20160412\20160412\20160410\application\Common\Controller\AppframeController.class.php 第 24 行.

[ 2016-04-14T21:36:27+08:00 ] 127.0.0.1 /index.php?g=user&m=index&a=is_login
INFO: [ app_begin ] --START--
INFO: Run Behavior\ReadHtmlCacheBehavior [ RunTime:0.001000s ]
INFO: Run Behavior\CheckLangBehavior [ RunTime:0.003000s ]
INFO: [ app_begin ] --END-- [ RunTime:0.005000s ]
NOTIC: [8] Undefined index: url C:\Users\NIO\Desktop\20160412\20160412\20160410\application\Common\Controller\AppframeController.class.php 第 24 行.

[ 2016-04-14T21:36:31+08:00 ] 127.0.0.1 /index.php?g=user&m=index&a=is_login
INFO: [ app_begin ] --START--
INFO: Run Behavior\ReadHtmlCacheBehavior [ RunTime:0.001000s ]
INFO: Run Behavior\CheckLangBehavior [ RunTime:0.003000s ]
INFO: [ app_begin ] --END-- [ RunTime:0.005000s ]
NOTIC: [8] Undefined index: url C:\Users\NIO\Desktop\20160412\20160412\20160410\application\Common\Controller\AppframeController.class.php 第 24 行.

[ 2016-04-14T21:36:37+08:00 ] 127.0.0.1 /index.php?g=user&m=index&a=is_login
INFO: [ app_begin ] --START--
INFO: Run Behavior\ReadHtmlCacheBehavior [ RunTime:0.001000s ]
INFO: Run Behavior\CheckLangBehavior [ RunTime:0.002000s ]
INFO: [ app_begin ] --END-- [ RunTime:0.005000s ]
NOTIC: [8] Undefined index: url C:\Users\NIO\Desktop\20160412\20160412\20160410\application\Common\Controller\AppframeController.class.php 第 24 行.

[ 2016-04-14T21:36:43+08:00 ] 127.0.0.1 /index.php?g=user&m=index&a=is_login
INFO: [ app_begin ] --START--
INFO: Run Behavior\ReadHtmlCacheBehavior [ RunTime:0.002000s ]
INFO: Run Behavior\CheckLangBehavior [ RunTime:0.003000s ]
INFO: [ app_begin ] --END-- [ RunTime:0.005000s ]
NOTIC: [8] Undefined index: url C:\Users\NIO\Desktop\20160412\20160412\20160410\application\Common\Controller\AppframeController.class.php 第 24 行.

[ 2016-04-14T21:36:55+08:00 ] 127.0.0.1 /index.php?g=user&m=index&a=is_login
INFO: [ app_begin ] --START--
INFO: Run Behavior\ReadHtmlCacheBehavior [ RunTime:0.001000s ]
INFO: Run Behavior\CheckLangBehavior [ RunTime:0.007000s ]
INFO: [ app_begin ] --END-- [ RunTime:0.009000s ]
NOTIC: [8] Undefined index: url C:\Users\NIO\Desktop\20160412\20160412\20160410\application\Common\Controller\AppframeController.class.php 第 24 行.

[ 2016-04-14T21:43:06+08:00 ] 127.0.0.1 /index.php?g=user&m=index&a=is_login
INFO: [ app_begin ] --START--
INFO: Run Behavior\ReadHtmlCacheBehavior [ RunTime:0.001000s ]
INFO: Run Behavior\CheckLangBehavior [ RunTime:0.002000s ]
INFO: [ app_begin ] --END-- [ RunTime:0.003000s ]
NOTIC: [8] Undefined index: url C:\Users\NIO\Desktop\20160412\20160412\20160410\application\Common\Controller\AppframeController.class.php 第 24 行.

[ 2016-04-14T21:43:22+08:00 ] 127.0.0.1 /index.php?g=user&m=index&a=is_login
INFO: [ app_begin ] --START--
INFO: Run Behavior\ReadHtmlCacheBehavior [ RunTime:0.000000s ]
INFO: Run Behavior\CheckLangBehavior [ RunTime:0.003000s ]
INFO: [ app_begin ] --END-- [ RunTime:0.005000s ]
NOTIC: [8] Undefined index: url C:\Users\NIO\Desktop\20160412\20160412\20160410\application\Common\Controller\AppframeController.class.php 第 24 行.

[ 2016-04-14T21:43:36+08:00 ] 127.0.0.1 /index.php?g=user&m=index&a=is_login
INFO: [ app_begin ] --START--
INFO: Run Behavior\ReadHtmlCacheBehavior [ RunTime:0.002001s ]
INFO: Run Behavior\CheckLangBehavior [ RunTime:0.003000s ]
INFO: [ app_begin ] --END-- [ RunTime:0.005001s ]
NOTIC: [8] Undefined index: url C:\Users\NIO\Desktop\20160412\20160412\20160410\application\Common\Controller\AppframeController.class.php 第 24 行.

[ 2016-04-14T21:43:41+08:00 ] 127.0.0.1 /index.php?g=user&m=index&a=is_login
INFO: [ app_begin ] --START--
INFO: Run Behavior\ReadHtmlCacheBehavior [ RunTime:0.001250s ]
INFO: Run Behavior\CheckLangBehavior [ RunTime:0.001250s ]
INFO: [ app_begin ] --END-- [ RunTime:0.002500s ]
NOTIC: [8] Undefined index: url C:\Users\NIO\Desktop\20160412\20160412\20160410\application\Common\Controller\AppframeController.class.php 第 24 行.

[ 2016-04-14T21:43:53+08:00 ] 127.0.0.1 /index.php?g=user&m=index&a=is_login
INFO: [ app_begin ] --START--
INFO: Run Behavior\ReadHtmlCacheBehavior [ RunTime:0.001000s ]
INFO: Run Behavior\CheckLangBehavior [ RunTime:0.002000s ]
INFO: [ app_begin ] --END-- [ RunTime:0.005000s ]
NOTIC: [8] Undefined index: url C:\Users\NIO\Desktop\20160412\20160412\20160410\application\Common\Controller\AppframeController.class.php 第 24 行.

[ 2016-04-14T21:44:03+08:00 ] 127.0.0.1 /index.php?g=user&m=index&a=is_login
INFO: [ app_begin ] --START--
INFO: Run Behavior\ReadHtmlCacheBehavior [ RunTime:0.001000s ]
INFO: Run Behavior\CheckLangBehavior [ RunTime:0.002000s ]
INFO: [ app_begin ] --END-- [ RunTime:0.004000s ]
NOTIC: [8] Undefined index: url C:\Users\NIO\Desktop\20160412\20160412\20160410\application\Common\Controller\AppframeController.class.php 第 24 行.

[ 2016-04-14T21:44:14+08:00 ] 127.0.0.1 /index.php?g=user&m=index&a=is_login
INFO: [ app_begin ] --START--
INFO: Run Behavior\ReadHtmlCacheBehavior [ RunTime:0.002000s ]
INFO: Run Behavior\CheckLangBehavior [ RunTime:0.003001s ]
INFO: [ app_begin ] --END-- [ RunTime:0.005001s ]
NOTIC: [8] Undefined index: url C:\Users\NIO\Desktop\20160412\20160412\20160410\application\Common\Controller\AppframeController.class.php 第 24 行.

[ 2016-04-14T21:44:17+08:00 ] 127.0.0.1 /index.php?g=user&m=index&a=is_login
INFO: [ app_begin ] --START--
INFO: Run Behavior\ReadHtmlCacheBehavior [ RunTime:0.001000s ]
INFO: Run Behavior\CheckLangBehavior [ RunTime:0.004001s ]
INFO: [ app_begin ] --END-- [ RunTime:0.006001s ]
NOTIC: [8] Undefined index: url C:\Users\NIO\Desktop\20160412\20160412\20160410\application\Common\Controller\AppframeController.class.php 第 24 行.

[ 2016-04-14T21:44:28+08:00 ] 127.0.0.1 /index.php?g=user&m=index&a=is_login
INFO: [ app_begin ] --START--
INFO: Run Behavior\ReadHtmlCacheBehavior [ RunTime:0.001000s ]
INFO: Run Behavior\CheckLangBehavior [ RunTime:0.003000s ]
INFO: [ app_begin ] --END-- [ RunTime:0.005000s ]
NOTIC: [8] Undefined index: url C:\Users\NIO\Desktop\20160412\20160412\20160410\application\Common\Controller\AppframeController.class.php 第 24 行.

[ 2016-04-14T21:44:35+08:00 ] 127.0.0.1 /index.php?g=user&m=index&a=is_login
INFO: [ app_begin ] --START--
INFO: Run Behavior\ReadHtmlCacheBehavior [ RunTime:0.001000s ]
INFO: Run Behavior\CheckLangBehavior [ RunTime:0.003000s ]
INFO: [ app_begin ] --END-- [ RunTime:0.005000s ]
NOTIC: [8] Undefined index: url C:\Users\NIO\Desktop\20160412\20160412\20160410\application\Common\Controller\AppframeController.class.php 第 24 行.

[ 2016-04-14T21:44:49+08:00 ] 127.0.0.1 /index.php?g=user&m=index&a=is_login
INFO: [ app_begin ] --START--
INFO: Run Behavior\ReadHtmlCacheBehavior [ RunTime:0.001000s ]
INFO: Run Behavior\CheckLangBehavior [ RunTime:0.003000s ]
INFO: [ app_begin ] --END-- [ RunTime:0.005000s ]
NOTIC: [8] Undefined index: url C:\Users\NIO\Desktop\20160412\20160412\20160410\application\Common\Controller\AppframeController.class.php 第 24 行.

[ 2016-04-14T21:44:52+08:00 ] 127.0.0.1 /index.php?g=user&m=index&a=is_login
INFO: [ app_begin ] --START--
INFO: Run Behavior\ReadHtmlCacheBehavior [ RunTime:0.002000s ]
INFO: Run Behavior\CheckLangBehavior [ RunTime:0.002000s ]
INFO: [ app_begin ] --END-- [ RunTime:0.004000s ]
NOTIC: [8] Undefined index: url C:\Users\NIO\Desktop\20160412\20160412\20160410\application\Common\Controller\AppframeController.class.php 第 24 行.

[ 2016-04-14T21:45:17+08:00 ] 127.0.0.1 /index.php?g=user&m=index&a=is_login
INFO: [ app_begin ] --START--
INFO: Run Behavior\ReadHtmlCacheBehavior [ RunTime:0.001000s ]
INFO: Run Behavior\CheckLangBehavior [ RunTime:0.002001s ]
INFO: [ app_begin ] --END-- [ RunTime:0.004001s ]
NOTIC: [8] Undefined index: url C:\Users\NIO\Desktop\20160412\20160412\20160410\application\Common\Controller\AppframeController.class.php 第 24 行.

[ 2016-04-14T21:45:24+08:00 ] 127.0.0.1 /index.php?g=user&m=index&a=is_login
INFO: [ app_begin ] --START--
INFO: Run Behavior\ReadHtmlCacheBehavior [ RunTime:0.002000s ]
INFO: Run Behavior\CheckLangBehavior [ RunTime:0.004000s ]
INFO: [ app_begin ] --END-- [ RunTime:0.006000s ]
NOTIC: [8] Undefined index: url C:\Users\NIO\Desktop\20160412\20160412\20160410\application\Common\Controller\AppframeController.class.php 第 24 行.

[ 2016-04-14T21:48:02+08:00 ] 127.0.0.1 /index.php?g=user&m=index&a=is_login
INFO: [ app_begin ] --START--
INFO: Run Behavior\ReadHtmlCacheBehavior [ RunTime:0.001000s ]
INFO: Run Behavior\CheckLangBehavior [ RunTime:0.003000s ]
INFO: [ app_begin ] --END-- [ RunTime:0.005000s ]
NOTIC: [8] Undefined index: url C:\Users\NIO\Desktop\20160412\20160412\20160410\application\Common\Controller\AppframeController.class.php 第 24 行.

[ 2016-04-14T21:48:59+08:00 ] 127.0.0.1 /index.php?g=user&m=index&a=is_login
INFO: [ app_begin ] --START--
INFO: Run Behavior\ReadHtmlCacheBehavior [ RunTime:0.002000s ]
INFO: Run Behavior\CheckLangBehavior [ RunTime:0.002000s ]
INFO: [ app_begin ] --END-- [ RunTime:0.005001s ]
NOTIC: [8] Undefined index: url C:\Users\NIO\Desktop\20160412\20160412\20160410\application\Common\Controller\AppframeController.class.php 第 24 行.

[ 2016-04-14T21:49:10+08:00 ] 127.0.0.1 /index.php?g=user&m=index&a=is_login
INFO: [ app_begin ] --START--
INFO: Run Behavior\ReadHtmlCacheBehavior [ RunTime:0.001000s ]
INFO: Run Behavior\CheckLangBehavior [ RunTime:0.004000s ]
INFO: [ app_begin ] --END-- [ RunTime:0.005000s ]
NOTIC: [8] Undefined index: url C:\Users\NIO\Desktop\20160412\20160412\20160410\application\Common\Controller\AppframeController.class.php 第 24 行.

[ 2016-04-14T21:50:10+08:00 ] 127.0.0.1 /index.php?g=user&m=index&a=is_login
INFO: [ app_begin ] --START--
INFO: Run Behavior\ReadHtmlCacheBehavior [ RunTime:0.001000s ]
INFO: Run Behavior\CheckLangBehavior [ RunTime:0.004000s ]
INFO: [ app_begin ] --END-- [ RunTime:0.008000s ]
NOTIC: [8] Undefined index: url C:\Users\NIO\Desktop\20160412\20160412\20160410\application\Common\Controller\AppframeController.class.php 第 24 行.

[ 2016-04-14T21:50:57+08:00 ] 127.0.0.1 /index.php?g=user&m=index&a=is_login
INFO: [ app_begin ] --START--
INFO: Run Behavior\ReadHtmlCacheBehavior [ RunTime:0.001000s ]
INFO: Run Behavior\CheckLangBehavior [ RunTime:0.003001s ]
INFO: [ app_begin ] --END-- [ RunTime:0.005001s ]
NOTIC: [8] Undefined index: url C:\Users\NIO\Desktop\20160412\20160412\20160410\application\Common\Controller\AppframeController.class.php 第 24 行.

[ 2016-04-14T21:51:10+08:00 ] 127.0.0.1 /index.php?g=user&m=index&a=is_login
INFO: [ app_begin ] --START--
INFO: Run Behavior\ReadHtmlCacheBehavior [ RunTime:0.002000s ]
INFO: Run Behavior\CheckLangBehavior [ RunTime:0.003000s ]
INFO: [ app_begin ] --END-- [ RunTime:0.006000s ]
NOTIC: [8] Undefined index: url C:\Users\NIO\Desktop\20160412\20160412\20160410\application\Common\Controller\AppframeController.class.php 第 24 行.

[ 2016-04-14T21:51:39+08:00 ] 127.0.0.1 /index.php?g=user&m=index&a=is_login
INFO: [ app_begin ] --START--
INFO: Run Behavior\ReadHtmlCacheBehavior [ RunTime:0.002000s ]
INFO: Run Behavior\CheckLangBehavior [ RunTime:0.003000s ]
INFO: [ app_begin ] --END-- [ RunTime:0.005000s ]
NOTIC: [8] Undefined index: url C:\Users\NIO\Desktop\20160412\20160412\20160410\application\Common\Controller\AppframeController.class.php 第 24 行.

[ 2016-04-14T21:52:14+08:00 ] 127.0.0.1 /index.php?g=user&m=index&a=is_login
INFO: [ app_begin ] --START--
INFO: Run Behavior\ReadHtmlCacheBehavior [ RunTime:0.002000s ]
INFO: Run Behavior\CheckLangBehavior [ RunTime:0.004000s ]
INFO: [ app_begin ] --END-- [ RunTime:0.007000s ]
NOTIC: [8] Undefined index: url C:\Users\NIO\Desktop\20160412\20160412\20160410\application\Common\Controller\AppframeController.class.php 第 24 行.

[ 2016-04-14T21:54:04+08:00 ] 127.0.0.1 /index.php?g=user&m=index&a=is_login
INFO: [ app_begin ] --START--
INFO: Run Behavior\ReadHtmlCacheBehavior [ RunTime:0.002000s ]
INFO: Run Behavior\CheckLangBehavior [ RunTime:0.003000s ]
INFO: [ app_begin ] --END-- [ RunTime:0.008000s ]
NOTIC: [8] Undefined index: url C:\Users\NIO\Desktop\20160412\20160412\20160410\application\Common\Controller\AppframeController.class.php 第 24 行.

[ 2016-04-14T21:54:14+08:00 ] 127.0.0.1 /index.php?g=user&m=index&a=is_login
INFO: [ app_begin ] --START--
INFO: Run Behavior\ReadHtmlCacheBehavior [ RunTime:0.002000s ]
INFO: Run Behavior\CheckLangBehavior [ RunTime:0.002000s ]
INFO: [ app_begin ] --END-- [ RunTime:0.005000s ]
NOTIC: [8] Undefined index: url C:\Users\NIO\Desktop\20160412\20160412\20160410\application\Common\Controller\AppframeController.class.php 第 24 行.

[ 2016-04-14T21:54:21+08:00 ] 127.0.0.1 /index.php?g=user&m=index&a=is_login
INFO: [ app_begin ] --START--
INFO: Run Behavior\ReadHtmlCacheBehavior [ RunTime:0.001000s ]
INFO: Run Behavior\CheckLangBehavior [ RunTime:0.002000s ]
INFO: [ app_begin ] --END-- [ RunTime:0.004000s ]
NOTIC: [8] Undefined index: url C:\Users\NIO\Desktop\20160412\20160412\20160410\application\Common\Controller\AppframeController.class.php 第 24 行.

[ 2016-04-14T21:55:00+08:00 ] 127.0.0.1 /index.php?g=user&m=index&a=is_login
INFO: [ app_begin ] --START--
INFO: Run Behavior\ReadHtmlCacheBehavior [ RunTime:0.003000s ]
INFO: Run Behavior\CheckLangBehavior [ RunTime:0.002000s ]
INFO: [ app_begin ] --END-- [ RunTime:0.005000s ]
NOTIC: [8] Undefined index: url C:\Users\NIO\Desktop\20160412\20160412\20160410\application\Common\Controller\AppframeController.class.php 第 24 行.

[ 2016-04-14T21:55:14+08:00 ] 127.0.0.1 /index.php?g=user&m=index&a=is_login
INFO: [ app_begin ] --START--
INFO: Run Behavior\ReadHtmlCacheBehavior [ RunTime:0.001000s ]
INFO: Run Behavior\CheckLangBehavior [ RunTime:0.002001s ]
INFO: [ app_begin ] --END-- [ RunTime:0.005001s ]
NOTIC: [8] Undefined index: url C:\Users\NIO\Desktop\20160412\20160412\20160410\application\Common\Controller\AppframeController.class.php 第 24 行.

[ 2016-04-14T21:55:37+08:00 ] 127.0.0.1 /index.php?g=user&m=index&a=is_login
INFO: [ app_begin ] --START--
INFO: Run Behavior\ReadHtmlCacheBehavior [ RunTime:0.001000s ]
INFO: Run Behavior\CheckLangBehavior [ RunTime:0.003000s ]
INFO: [ app_begin ] --END-- [ RunTime:0.005001s ]
NOTIC: [8] Undefined index: url C:\Users\NIO\Desktop\20160412\20160412\20160410\application\Common\Controller\AppframeController.class.php 第 24 行.

[ 2016-04-14T21:56:00+08:00 ] 127.0.0.1 /index.php?g=user&m=index&a=is_login
INFO: [ app_begin ] --START--
INFO: Run Behavior\ReadHtmlCacheBehavior [ RunTime:0.001000s ]
INFO: Run Behavior\CheckLangBehavior [ RunTime:0.003000s ]
INFO: [ app_begin ] --END-- [ RunTime:0.005001s ]
NOTIC: [8] Undefined index: url C:\Users\NIO\Desktop\20160412\20160412\20160410\application\Common\Controller\AppframeController.class.php 第 24 行.

[ 2016-04-14T21:56:11+08:00 ] 127.0.0.1 /index.php?g=user&m=index&a=is_login
INFO: [ app_begin ] --START--
INFO: Run Behavior\ReadHtmlCacheBehavior [ RunTime:0.001000s ]
INFO: Run Behavior\CheckLangBehavior [ RunTime:0.002000s ]
INFO: [ app_begin ] --END-- [ RunTime:0.004000s ]
NOTIC: [8] Undefined index: url C:\Users\NIO\Desktop\20160412\20160412\20160410\application\Common\Controller\AppframeController.class.php 第 24 行.

[ 2016-04-14T21:57:10+08:00 ] 127.0.0.1 /index.php?g=user&m=index&a=is_login
INFO: [ app_begin ] --START--
INFO: Run Behavior\ReadHtmlCacheBehavior [ RunTime:0.001000s ]
INFO: Run Behavior\CheckLangBehavior [ RunTime:0.002000s ]
INFO: [ app_begin ] --END-- [ RunTime:0.004000s ]
NOTIC: [8] Undefined index: url C:\Users\NIO\Desktop\20160412\20160412\20160410\application\Common\Controller\AppframeController.class.php 第 24 行.

[ 2016-04-14T21:59:02+08:00 ] 127.0.0.1 /index.php?g=user&m=index&a=is_login
INFO: [ app_begin ] --START--
INFO: Run Behavior\ReadHtmlCacheBehavior [ RunTime:0.002000s ]
INFO: Run Behavior\CheckLangBehavior [ RunTime:0.002000s ]
INFO: [ app_begin ] --END-- [ RunTime:0.005000s ]
NOTIC: [8] Undefined index: url C:\Users\NIO\Desktop\20160412\20160412\20160410\application\Common\Controller\AppframeController.class.php 第 24 行.

[ 2016-04-14T21:59:17+08:00 ] 127.0.0.1 /index.php?g=user&m=index&a=is_login
INFO: [ app_begin ] --START--
INFO: Run Behavior\ReadHtmlCacheBehavior [ RunTime:0.001001s ]
INFO: Run Behavior\CheckLangBehavior [ RunTime:0.002000s ]
INFO: [ app_begin ] --END-- [ RunTime:0.004001s ]
NOTIC: [8] Undefined index: url C:\Users\NIO\Desktop\20160412\20160412\20160410\application\Common\Controller\AppframeController.class.php 第 24 行.

[ 2016-04-14T22:01:10+08:00 ] 127.0.0.1 /index.php?g=user&m=index&a=is_login
INFO: [ app_begin ] --START--
INFO: Run Behavior\ReadHtmlCacheBehavior [ RunTime:0.004001s ]
INFO: Run Behavior\CheckLangBehavior [ RunTime:0.006000s ]
INFO: [ app_begin ] --END-- [ RunTime:0.012001s ]
NOTIC: [8] Undefined index: url C:\Users\NIO\Desktop\20160412\20160412\20160410\application\Common\Controller\AppframeController.class.php 第 24 行.

[ 2016-04-14T22:01:31+08:00 ] 127.0.0.1 /index.php?g=user&m=index&a=is_login
INFO: [ app_begin ] --START--
INFO: Run Behavior\ReadHtmlCacheBehavior [ RunTime:0.002000s ]
INFO: Run Behavior\CheckLangBehavior [ RunTime:0.003000s ]
INFO: [ app_begin ] --END-- [ RunTime:0.006000s ]
NOTIC: [8] Undefined index: url C:\Users\NIO\Desktop\20160412\20160412\20160410\application\Common\Controller\AppframeController.class.php 第 24 行.

[ 2016-04-14T22:01:42+08:00 ] 127.0.0.1 /index.php?g=user&m=index&a=is_login
INFO: [ app_begin ] --START--
INFO: Run Behavior\ReadHtmlCacheBehavior [ RunTime:0.001000s ]
INFO: Run Behavior\CheckLangBehavior [ RunTime:0.004000s ]
INFO: [ app_begin ] --END-- [ RunTime:0.006000s ]
NOTIC: [8] Undefined index: url C:\Users\NIO\Desktop\20160412\20160412\20160410\application\Common\Controller\AppframeController.class.php 第 24 行.

[ 2016-04-14T22:05:38+08:00 ] 127.0.0.1 /index.php?g=user&m=index&a=is_login
INFO: [ app_begin ] --START--
INFO: Run Behavior\ReadHtmlCacheBehavior [ RunTime:0.004001s ]
INFO: Run Behavior\CheckLangBehavior [ RunTime:0.003000s ]
INFO: [ app_begin ] --END-- [ RunTime:0.008001s ]
NOTIC: [8] Undefined index: url C:\Users\NIO\Desktop\20160412\20160412\20160410\application\Common\Controller\AppframeController.class.php 第 24 行.

[ 2016-04-14T22:07:19+08:00 ] 127.0.0.1 /index.php?g=user&m=index&a=is_login
INFO: [ app_begin ] --START--
INFO: Run Behavior\ReadHtmlCacheBehavior [ RunTime:0.002000s ]
INFO: Run Behavior\CheckLangBehavior [ RunTime:0.002000s ]
INFO: [ app_begin ] --END-- [ RunTime:0.005000s ]
NOTIC: [8] Undefined index: url C:\Users\NIO\Desktop\20160412\20160412\20160410\application\Common\Controller\AppframeController.class.php 第 24 行.

[ 2016-04-14T22:07:23+08:00 ] 127.0.0.1 /index.php?g=user&m=index&a=is_login
INFO: [ app_begin ] --START--
INFO: Run Behavior\ReadHtmlCacheBehavior [ RunTime:0.001000s ]
INFO: Run Behavior\CheckLangBehavior [ RunTime:0.003000s ]
INFO: [ app_begin ] --END-- [ RunTime:0.005000s ]
NOTIC: [8] Undefined index: url C:\Users\NIO\Desktop\20160412\20160412\20160410\application\Common\Controller\AppframeController.class.php 第 24 行.

[ 2016-04-14T22:14:15+08:00 ] 127.0.0.1 /index.php?g=user&m=index&a=is_login
INFO: [ app_begin ] --START--
INFO: Run Behavior\ReadHtmlCacheBehavior [ RunTime:0.001000s ]
INFO: Run Behavior\CheckLangBehavior [ RunTime:0.004000s ]
INFO: [ app_begin ] --END-- [ RunTime:0.006000s ]
NOTIC: [8] Undefined index: url C:\Users\NIO\Desktop\20160412\20160412\20160410\application\Common\Controller\AppframeController.class.php 第 24 行.

[ 2016-04-14T22:15:19+08:00 ] 127.0.0.1 /index.php?g=user&m=index&a=is_login
INFO: [ app_begin ] --START--
INFO: Run Behavior\ReadHtmlCacheBehavior [ RunTime:0.002000s ]
INFO: Run Behavior\CheckLangBehavior [ RunTime:0.003001s ]
INFO: [ app_begin ] --END-- [ RunTime:0.007001s ]
NOTIC: [8] Undefined index: url C:\Users\NIO\Desktop\20160412\20160412\20160410\application\Common\Controller\AppframeController.class.php 第 24 行.

[ 2016-04-14T22:15:22+08:00 ] 127.0.0.1 /index.php?g=user&m=index&a=is_login
INFO: [ app_begin ] --START--
INFO: Run Behavior\ReadHtmlCacheBehavior [ RunTime:0.002000s ]
INFO: Run Behavior\CheckLangBehavior [ RunTime:0.004000s ]
INFO: [ app_begin ] --END-- [ RunTime:0.007000s ]
NOTIC: [8] Undefined index: url C:\Users\NIO\Desktop\20160412\20160412\20160410\application\Common\Controller\AppframeController.class.php 第 24 行.

[ 2016-04-14T22:15:28+08:00 ] 127.0.0.1 /index.php?g=user&m=index&a=is_login
INFO: [ app_begin ] --START--
INFO: Run Behavior\ReadHtmlCacheBehavior [ RunTime:0.002000s ]
INFO: Run Behavior\CheckLangBehavior [ RunTime:0.004001s ]
INFO: [ app_begin ] --END-- [ RunTime:0.007001s ]
NOTIC: [8] Undefined index: url C:\Users\NIO\Desktop\20160412\20160412\20160410\application\Common\Controller\AppframeController.class.php 第 24 行.

